12:06:58.881 [main] INFO  api.test.UserTests - ****************User Created*****************************
12:06:58.890 [main] INFO  api.test.UserTests - ****************Getting User*****************************
12:06:59.054 [main] INFO  api.test.UserTests - ****************Retreived User*****************************
12:06:59.056 [main] INFO  api.test.UserTests - ****************Updating User*****************************
12:06:59.473 [main] INFO  api.test.UserTests - ****************User Details Updated*****************************
12:06:59.475 [main] INFO  api.test.UserTests - ****************Deleting User*****************************
12:06:59.708 [main] INFO  api.test.UserTests - ****************User Deleted*****************************
12:11:23.174 [main] INFO  api.test.UserTests - ****************Creating User*****************************
12:11:24.804 [main] INFO  api.test.UserTests - ****************User Created*****************************
12:11:24.808 [main] INFO  api.test.UserTests - ****************Getting User*****************************
12:11:24.966 [main] INFO  api.test.UserTests - ****************Retreived User*****************************
12:11:24.968 [main] INFO  api.test.UserTests - ****************Updating User*****************************
12:11:25.314 [main] INFO  api.test.UserTests - ****************User Details Updated*****************************
12:11:25.316 [main] INFO  api.test.UserTests - ****************Deleting User*****************************
12:11:25.456 [main] INFO  api.test.UserTests - ****************User Deleted*****************************
16:22:15.472 [main] INFO  api.test.UserTests - ****************Creating User*****************************
16:22:17.671 [main] INFO  api.test.UserTests - ****************User Created*****************************
16:22:17.677 [main] INFO  api.test.UserTests - ****************Getting User*****************************
16:22:17.928 [main] INFO  api.test.UserTests - ****************Retreived User*****************************
16:22:17.931 [main] INFO  api.test.UserTests - ****************Updating User*****************************
16:22:18.236 [main] INFO  api.test.UserTests - ****************User Details Updated*****************************
16:22:18.238 [main] INFO  api.test.UserTests - ****************Deleting User*****************************
16:22:18.451 [main] INFO  api.test.UserTests - ****************User Deleted*****************************
